<?xml version="1.0" encoding="UTF-8"?>
<coverage generated="1612380817422" clover="3.2.0">
  <project timestamp="1612380817422" name="All files">
    <metrics statements="0" coveredstatements="0" conditionals="0" coveredconditionals="0" methods="1" coveredmethods="1" elements="1" coveredelements="1" complexity="0" loc="0" ncloc="0" packages="1" files="1" classes="1"/>
    <file name="date.js" path="/Users/jrw/Epicodus/weekday-calculator/src/js/date.js">
      <metrics statements="0" coveredstatements="0" conditionals="0" coveredconditionals="0" methods="1" coveredmethods="1"/>
    </file>
  </project>
</coverage>
